     (1) SUCCESS -     25  TESTS  GeneralUnitTests::General(int)

Total checks = 25
Total tested = 1
Total tests = 1
     (1) SUCCESS -     25  TESTS  GeneralUnitTests::General(int)

Total checks = 25
Total tested = 1
Total tests = 1
     (1) SUCCESS -     25  TESTS  GeneralUnitTests::General(int)

Total checks = 25
Total tested = 1
Total tests = 1
     (1) SUCCESS -     25  TESTS  GeneralUnitTests::General(int)

Total checks = 25
Total tested = 1
Total tests = 1
     (1) SUCCESS -     25  TESTS  GeneralUnitTests::General(int)

Total checks = 25
Total tested = 1
Total tests = 1
     (1) SUCCESS -     25  TESTS  GeneralUnitTests::General(int)

Total checks = 25
Total tested = 1
Total tests = 1
     (1) SUCCESS -     25  TESTS  GeneralUnitTests::General(int)

Total checks = 25
Total tested = 1
Total tests = 1
     (1) SUCCESS -     25  TESTS  GeneralUnitTests::General(int)

Total checks = 25
Total tested = 1
Total tests = 1
     (1) SUCCESS -     25  TESTS  GeneralUnitTests::General(int)

Total checks = 25
Total tested = 1
Total tests = 1
     (1) SUCCESS -     25  TESTS  GeneralUnitTests::General(int)

Total checks = 25
Total tested = 1
Total tests = 1
     (1) SUCCESS -     25  TESTS  GeneralUnitTests::General(int)

Total checks = 25
Total tested = 1
Total tests = 1
     (1) SUCCESS -     25  TESTS  GeneralUnitTests::General(int)

Total checks = 25
Total tested = 1
Total tests = 1
     (1) SUCCESS -     25  TESTS  GeneralUnitTests::General(int)

Total checks = 25
Total tested = 1
Total tests = 1
     (1) SUCCESS -     25  TESTS  GeneralUnitTests::General(int)

Total checks = 25
Total tested = 1
Total tests = 1
     (1) SUCCESS -     25  TESTS  GeneralUnitTests::General(int)

Total checks = 25
Total tested = 1
Total tests = 1
     (1)  FAILED -      1  FAILED GeneralUnitTests::General(int)
        c:\src-git\bct.common.devcomm.messages.cpp\bct.common.messages.cpp\test\generalunittests.cpp(236): error: EXPRESSION: a.Field7com.Value()==999

Total checks = 25
Total failed checks = 1
Total tested = 1
Total tests = 1
     (1) SUCCESS -     25  TESTS  GeneralUnitTests::General(int)

Total checks = 25
Total tested = 1
Total tests = 1
     (1) SUCCESS -     25  TESTS  GeneralUnitTests::General(int)

Total checks = 25
Total tested = 1
Total tests = 1
     (1) SUCCESS -     23  TESTS  GeneralUnitTests::General(int)

Total checks = 23
Total tested = 1
Total tests = 1
     (1) SUCCESS -     23  TESTS  GeneralUnitTests::General(int)

Total checks = 23
Total tested = 1
Total tests = 1
     (1) SUCCESS -     23  TESTS  GeneralUnitTests::General(int)

Total checks = 23
Total tested = 1
Total tests = 1
     (1) SUCCESS -     23  TESTS  GeneralUnitTests::General(int)

Total checks = 23
Total tested = 1
Total tests = 1
     (1) SUCCESS -      7  TESTS  ComputeFieldsUnitTests::ComputeField(int)

Total checks = 7
Total tested = 1
Total tests = 1
     (1) SUCCESS -      7  TESTS  ComputeFieldsUnitTests::ComputeField(int)

Total checks = 7
Total tested = 1
Total tests = 1
     (1)  FAILED -      3  FAILED ComputeFieldsUnitTests::ComputeField(int)
        c:\users\rwalusb3\source\repos\bct.common.messages.cpp\bct.common.messages.cpp\test\computefieldunittests.cpp(244): error: EXPRESSION: Platelet1.yield.Value()==2.5e9
        c:\users\rwalusb3\source\repos\bct.common.messages.cpp\bct.common.messages.cpp\test\computefieldunittests.cpp(265): error: EXPRESSION: Platelet2.cellsPerMl.Value()==4.0e6
        c:\users\rwalusb3\source\repos\bct.common.messages.cpp\bct.common.messages.cpp\test\computefieldunittests.cpp(272): error: EXPRESSION: Platelet2.volumeMl.Value()==1000.0

Total checks = 18
Total failed checks = 3
Total tested = 1
Total tests = 1
     (1) SUCCESS -      7  TESTS  ComputeFieldsUnitTests::ComputeField(int)

Total checks = 7
Total tested = 1
Total tests = 1
     (1) SUCCESS -     14  TESTS  ComputeFieldsUnitTests::ComputeField(int)

Total checks = 14
Total tested = 1
Total tests = 1
     (1) SUCCESS -     14  TESTS  ComputeFieldsUnitTests::ComputeField(int)

Total checks = 14
Total tested = 1
Total tests = 1
     (1)  FAILED -      2  FAILED ComputeFieldsUnitTests::ComputeField(int)
        c:\users\rwalusb3\source\repos\bct.common.messages.cpp\bct.common.messages.cpp\test\computefieldunittests.cpp(211): error: EXPRESSION: Platelet1.yield.Value()==2.5e9
        c:\users\rwalusb3\source\repos\bct.common.messages.cpp\bct.common.messages.cpp\test\computefieldunittests.cpp(225): error: EXPRESSION: Platelet2.yield.Value()==2.5e9

Total checks = 14
Total failed checks = 2
Total tested = 1
Total tests = 1
     (1) SUCCESS -     14  TESTS  ComputeFieldsUnitTests::ComputeField(int)

Total checks = 14
Total tested = 1
Total tests = 1
     (1)  FAILED -      2  FAILED ComputeFieldsUnitTests::ComputeField(int)
        c:\users\rwalusb3\source\repos\bct.common.messages.cpp\bct.common.messages.cpp\test\computefieldunittests.cpp(226): error: EXPRESSION: Platelet2.yield.Value()==5.0e6
        c:\users\rwalusb3\source\repos\bct.common.messages.cpp\bct.common.messages.cpp\test\computefieldunittests.cpp(227): error: EXPRESSION: Platelet2.yield.State()==FieldStateEnum::FieldState::Computed

Total checks = 14
Total failed checks = 2
Total tested = 1
Total tests = 1
     (1)  FAILED -      3  FAILED ComputeFieldsUnitTests::ComputeField(int)
        c:\users\rwalusb3\source\repos\bct.common.messages.cpp\bct.common.messages.cpp\test\computefieldunittests.cpp(212): error: EXPRESSION: Platelet1.yield.Value()==2.5e9
        c:\users\rwalusb3\source\repos\bct.common.messages.cpp\bct.common.messages.cpp\test\computefieldunittests.cpp(226): error: EXPRESSION: Platelet2.yield.Value()==500.0
        c:\users\rwalusb3\source\repos\bct.common.messages.cpp\bct.common.messages.cpp\test\computefieldunittests.cpp(227): error: EXPRESSION: Platelet2.yield.State()==FieldStateEnum::FieldState::Computed

Total checks = 14
Total failed checks = 3
Total tested = 1
Total tests = 1
     (1)  FAILED -      2  FAILED ComputeFieldsUnitTests::ComputeField(int)
        c:\users\rwalusb3\source\repos\bct.common.messages.cpp\bct.common.messages.cpp\test\computefieldunittests.cpp(212): error: EXPRESSION: Platelet1.yield.Value()==2.5e9
        c:\users\rwalusb3\source\repos\bct.common.messages.cpp\bct.common.messages.cpp\test\computefieldunittests.cpp(226): error: EXPRESSION: Platelet2.volumeMl.Value()==500.0

Total checks = 14
Total failed checks = 2
Total tested = 1
Total tests = 1
     (1)  FAILED -      1  FAILED ComputeFieldsUnitTests::ComputeField(int)
        c:\users\rwalusb3\source\repos\bct.common.messages.cpp\bct.common.messages.cpp\test\computefieldunittests.cpp(226): error: EXPRESSION: Platelet2.volumeMl.Value()==500.0

Total checks = 14
Total failed checks = 1
Total tested = 1
Total tests = 1
     (1)  FAILED -      1  FAILED ComputeFieldsUnitTests::ComputeField(int)
        c:\users\rwalusb3\source\repos\bct.common.messages.cpp\bct.common.messages.cpp\test\computefieldunittests.cpp(226): error: EXPRESSION: Platelet2.volumeMl.Value()==500.0

Total checks = 14
Total failed checks = 1
Total tested = 1
Total tests = 1
     (1) SUCCESS -     14  TESTS  ComputeFieldsUnitTests::ComputeField(int)

Total checks = 14
Total tested = 1
Total tests = 1
     (1) SUCCESS -     14  TESTS  ComputeFieldsUnitTests::ComputeField(int)

Total checks = 14
Total tested = 1
Total tests = 1
     (1) SUCCESS -     37  TESTS  GeneralUnitTests::General(int)

Total checks = 37
Total tested = 1
Total tests = 1
     (1)  FAILED -      1  FAILED GeneralUnitTests::General(int)
        c:\users\rwalusb3\source\repos\bct.common.messages.cpp\bct.common.messages.cpp\test\generalunittests.cpp(411): error: EXPRESSION: Platelet2.volumeMl.State()==FieldStateEnum::FieldState::Computed

Total checks = 35
Total failed checks = 1
Total tested = 1
Total tests = 1
     (1)  FAILED -      1  FAILED GeneralUnitTests::General(int)
        c:\users\rwalusb3\source\repos\bct.common.messages.cpp\bct.common.messages.cpp\test\generalunittests.cpp(411): error: EXPRESSION: Platelet2.volumeMl.State()==FieldStateEnum::FieldState::Computed

Total checks = 35
Total failed checks = 1
Total tested = 1
Total tests = 1
     (1) SUCCESS -     30  TESTS  GeneralUnitTests::General(int)

Total checks = 30
Total tested = 1
Total tests = 1
     (1) SUCCESS -     35  TESTS  GeneralUnitTests::General(int)

Total checks = 35
Total tested = 1
Total tests = 1
     (1) SUCCESS -     37  TESTS  GeneralUnitTests::General(int)

Total checks = 37
Total tested = 1
Total tests = 1
     (1) SUCCESS -     34  TESTS  GeneralUnitTests::General(int)

Total checks = 34
Total tested = 1
Total tests = 1
     (1) SUCCESS -     35  TESTS  GeneralUnitTests::General(int)

Total checks = 35
Total tested = 1
Total tests = 1
     (1)  FAILED -      2  FAILED GeneralUnitTests::General(int)
        c:\users\rwalusb3\source\repos\bct.common.messages.cpp\bct.common.messages.cpp\test\generalunittests.cpp(453): error: EXPRESSION: Platelet2.minYield.State()==FieldStateEnum::FieldState::NotSet
        c:\users\rwalusb3\source\repos\bct.common.messages.cpp\bct.common.messages.cpp\test\generalunittests.cpp(454): error: EXPRESSION: Platelet2.maxYield.State()==FieldStateEnum::FieldState::NotSet

Total checks = 37
Total failed checks = 2
Total tested = 1
Total tests = 1
     (1) SUCCESS -     37  TESTS  GeneralUnitTests::General(int)

Total checks = 37
Total tested = 1
Total tests = 1
     (1)  FAILED -      1  FAILED GeneralUnitTests::General(int)
        c:\users\rwalusb3\source\repos\bct.common.messages.cpp\bct.common.messages.cpp\test\generalunittests.cpp(440): error: EXPRESSION: Platelet1.maxYield

Total checks = 38
Total failed checks = 1
Total tested = 1
Total tests = 1
     (1) SUCCESS -     38  TESTS  GeneralUnitTests::General(int)

Total checks = 38
Total tested = 1
Total tests = 1
     (1)  FAILED -      1  FAILED GeneralUnitTests::General(int)
        c:\users\rwalusb3\source\repos\bct.common.messages.cpp\bct.common.messages.cpp\test\generalunittests.cpp(441): error: EXPRESSION: Platelet1.maxYield

Total checks = 39
Total failed checks = 1
Total tested = 1
Total tests = 1
     (1)  FAILED -      1  FAILED GeneralUnitTests::General(int)
        c:\users\rwalusb3\source\repos\bct.common.messages.cpp\bct.common.messages.cpp\test\generalunittests.cpp(442): error: EXPRESSION: Platelet1.minYield.Value(3)

Total checks = 40
Total failed checks = 1
Total tested = 1
Total tests = 1
     (1) SUCCESS -     39  TESTS  GeneralUnitTests::General(int)

Total checks = 39
Total tested = 1
Total tests = 1
     (1) SUCCESS -     39  TESTS  GeneralUnitTests::General(int)

Total checks = 39
Total tested = 1
Total tests = 1
     (1) SUCCESS -     40  TESTS  GeneralUnitTests::General(int)

Total checks = 40
Total tested = 1
Total tests = 1
     (1) SUCCESS -     40  TESTS  GeneralUnitTests::General(int)

Total checks = 40
Total tested = 1
Total tests = 1
     (1) SUCCESS -     40  TESTS  GeneralUnitTests::General(int)

Total checks = 40
Total tested = 1
Total tests = 1
     (1) SUCCESS -     40  TESTS  GeneralUnitTests::General(int)

Total checks = 40
Total tested = 1
Total tests = 1
     (1) SUCCESS -     40  TESTS  GeneralUnitTests::General(int)

Total checks = 40
Total tested = 1
Total tests = 1
     (1)  FAILED -      2  FAILED GeneralUnitTests::General(int)
        c:\src-git\bct.common.devcomm.messages.cpp\bct.common.messages.cpp\test\generalunittests.cpp(619): error: EXPRESSION: Platelet1.yield.State()==FieldStateEnum::FieldState::Computed
        c:\src-git\bct.common.devcomm.messages.cpp\bct.common.messages.cpp\test\generalunittests.cpp(620): error: EXPRESSION: Platelet1.yield = 3

Total checks = 40
Total failed checks = 2
Total tested = 1
Total tests = 1
     (1)  FAILED -      2  FAILED GeneralUnitTests::General(int)
        c:\src-git\bct.common.devcomm.messages.cpp\bct.common.messages.cpp\test\generalunittests.cpp(619): error: EXPRESSION: Platelet1.yield.State()==FieldStateEnum::FieldState::Computed
        c:\src-git\bct.common.devcomm.messages.cpp\bct.common.messages.cpp\test\generalunittests.cpp(620): error: EXPRESSION: Platelet1.yield = 3

Total checks = 40
Total failed checks = 2
Total tested = 1
Total tests = 1
     (1) SUCCESS -     40  TESTS  GeneralUnitTests::General(int)

Total checks = 40
Total tested = 1
Total tests = 1
     (1) SUCCESS -     40  TESTS  GeneralUnitTests::General(int)

Total checks = 40
Total tested = 1
Total tests = 1
     (1) SUCCESS -     40  TESTS  GeneralUnitTests::General(int)

Total checks = 40
Total tested = 1
Total tests = 1
